<?xml version="1.0" encoding="UTF-8"?>
<!-- Generated by org.testng.reporters.JUnitXMLReporter -->
<testsuite ignored="0" hostname="cristina" failures="0" tests="3" name="Login and Logout" time="8.247" errors="0" timestamp="2023-07-10T19:33:47 EEST">
  <testcase classname="com.herokuapp.Login" name="loginTest" time="4.337"/>
  <testcase classname="com.herokuapp.NegativeLogin" name="negativeLoginTest" time="3.896"/>
  <testcase classname="com.herokuapp.Logout" name="logoutTest" time="0.0"/>
</testsuite> <!-- Login and Logout -->
